#
# There is insufficient memory for the Java Runtime Environment to continue.
# Native memory allocation (malloc) failed to allocate 1048576 bytes for AllocateHeap
# Possible reasons:
#   The system is out of physical RAM or swap space
#   The process is running with CompressedOops enabled, and the Java Heap may be blocking the growth of the native heap
# Possible solutions:
#   Reduce memory load on the system
#   Increase physical memory or swap space
#   Check if swap backing store is full
#   Decrease Java heap size (-Xmx/-Xms)
#   Decrease number of Java threads
#   Decrease Java thread stack sizes (-Xss)
#   Set larger code cache with -XX:ReservedCodeCacheSize=
#   JVM is running with Unscaled Compressed Oops mode in which the Java heap is
#     placed in the first 4GB address space. The Java Heap base address is the
#     maximum limit for the native heap growth. Please use -XX:HeapBaseMinAddress
#     to set the Java Heap base and to place the Java Heap above 4GB virtual address.
# This output file may be truncated or incomplete.
#
#  Out of Memory Error (memory/allocation.inline.hpp:61), pid=135796, tid=0x000000000001fe28
#
# JRE version:  (8.0_221-b11) (build )
# Java VM: Java HotSpot(TM) 64-Bit Server VM (25.221-b11 mixed mode windows-amd64 compressed oops)
# Failed to write core dump. Minidumps are not enabled by default on client versions of Windows
#

---------------  T H R E A D  ---------------

Current thread (0x0000000002fc2800):  JavaThread "Unknown thread" [_thread_in_vm, id=130600, stack(0x0000000002ec0000,0x0000000002fc0000)]

Stack: [0x0000000002ec0000,0x0000000002fc0000]
[error occurred during error reporting (printing stack bounds), id 0xc0000005]

Native frames: (J=compiled Java code, j=interpreted, Vv=VM code, C=native code)


---------------  P R O C E S S  ---------------

Java Threads: ( => current thread )

Other Threads:

=>0x0000000002fc2800 (exited) JavaThread "Unknown thread" [_thread_in_vm, id=130600, stack(0x0000000002ec0000,0x0000000002fc0000)]

VM state:not at safepoint (normal execution)

VM Mutex/Monitor currently owned by a thread: None

heap address: 0x0000000081e00000, size: 2018 MB, Compressed Oops mode: 32-bit
Narrow klass base: 0x0000000000000000, Narrow klass shift: 3
Compressed class space size: 1073741824 Address: 0x0000000100000000

Heap:
 PSYoungGen      total 38400K, used 665K [0x00000000d5f80000, 0x00000000d8a00000, 0x0000000100000000)
  eden space 33280K, 2% used [0x00000000d5f80000,0x00000000d6026670,0x00000000d8000000)
  from space 5120K, 0% used [0x00000000d8500000,0x00000000d8500000,0x00000000d8a00000)
  to   space 5120K, 0% used [0x00000000d8000000,0x00000000d8000000,0x00000000d8500000)
 ParOldGen       total 87552K, used 0K [0x0000000081e00000, 0x0000000087380000, 0x00000000d5f80000)
  object space 87552K, 0% used [0x0000000081e00000,0x0000000081e00000,0x0000000087380000)
 Metaspace       used 792K, capacity 1156K, committed 1408K, reserved 1060864K
  class space    used 76K, capacity 384K, committed 384K, reserved 1048576K

Card table byte_map: [0x0000000012480000,0x0000000012880000] byte_map_base: 0x0000000012071000

Marking Bits: (ParMarkBitMap*) 0x000000006c995ce0
 Begin Bits: [0x0000000012f30000, 0x0000000014eb8000)
 End Bits:   [0x0000000014eb8000, 0x0000000016e40000)

Polling page: 0x0000000002e30000

CodeCache: size=245760Kb used=328Kb max_used=328Kb free=245431Kb
 bounds [0x00000000030c0000, 0x0000000003330000, 0x00000000120c0000]
 total_blobs=58 nmethods=0 adapters=38
 compilation: enabled

Compilation events (0 events):
No events

GC Heap History (0 events):
No events

Deoptimization events (0 events):
No events

Classes redefined (0 events):
No events

Internal exceptions (0 events):
No events

Events (10 events):
Event: 0.048 loading class java/lang/Short
Event: 0.049 loading class java/lang/Short done
Event: 0.049 loading class java/lang/Integer
Event: 0.049 loading class java/lang/Integer done
Event: 0.049 loading class java/lang/Long
Event: 0.049 loading class java/lang/Long done
Event: 0.050 loading class java/lang/NullPointerException
Event: 0.050 loading class java/lang/NullPointerException done
Event: 0.050 loading class java/lang/ArithmeticException
Event: 0.050 loading class java/lang/ArithmeticException done


Dynamic libraries:
0x00007ff73b110000 - 0x00007ff73b147000 	C:\Program Files\Java\jdk1.8.0_221\bin\java.exe
0x00007ffb39660000 - 0x00007ffb39850000 	C:\WINDOWS\SYSTEM32\ntdll.dll
0x00007ffb38980000 - 0x00007ffb38a32000 	C:\WINDOWS\System32\KERNEL32.DLL
0x00007ffb36840000 - 0x00007ffb36ae5000 	C:\WINDOWS\System32\KERNELBASE.dll
0x00007ffb38110000 - 0x00007ffb381b3000 	C:\WINDOWS\System32\ADVAPI32.dll
0x00007ffb38070000 - 0x00007ffb3810e000 	C:\WINDOWS\System32\msvcrt.dll
0x00007ffb388e0000 - 0x00007ffb38977000 	C:\WINDOWS\System32\sechost.dll
0x00007ffb38a40000 - 0x00007ffb38b60000 	C:\WINDOWS\System32\RPCRT4.dll
0x00007ffb38220000 - 0x00007ffb383b5000 	C:\WINDOWS\System32\USER32.dll
0x00007ffb36f60000 - 0x00007ffb36f81000 	C:\WINDOWS\System32\win32u.dll
0x00007ffb395f0000 - 0x00007ffb39616000 	C:\WINDOWS\System32\GDI32.dll
0x00007ffb36dc0000 - 0x00007ffb36f56000 	C:\WINDOWS\System32\gdi32full.dll
0x00007ffb36d20000 - 0x00007ffb36dbe000 	C:\WINDOWS\System32\msvcp_win.dll
0x00007ffb36c20000 - 0x00007ffb36d1a000 	C:\WINDOWS\System32\ucrtbase.dll
0x00007ffb1a2f0000 - 0x00007ffb1a574000 	C:\WINDOWS\WinSxS\amd64_microsoft.windows.common-controls_6595b64144ccf1df_6.0.18362.1082_none_9e8193e1e45b25c1\COMCTL32.dll
0x00007ffb383d0000 - 0x00007ffb38705000 	C:\WINDOWS\System32\combase.dll
0x00007ffb36610000 - 0x00007ffb36690000 	C:\WINDOWS\System32\bcryptPrimitives.dll
0x00007ffb38fa0000 - 0x00007ffb38fce000 	C:\WINDOWS\System32\IMM32.DLL
0x000000006d0e0000 - 0x000000006d1b2000 	C:\Program Files\Java\jdk1.8.0_221\jre\bin\msvcr100.dll
0x000000006c170000 - 0x000000006ca15000 	C:\Program Files\Java\jdk1.8.0_221\jre\bin\server\jvm.dll
0x00007ffb39100000 - 0x00007ffb39108000 	C:\WINDOWS\System32\PSAPI.DLL
0x00007ffb30ec0000 - 0x00007ffb30ec9000 	C:\WINDOWS\SYSTEM32\WSOCK32.dll
0x00007ffb377e0000 - 0x00007ffb3784f000 	C:\WINDOWS\System32\WS2_32.dll
0x00007ffb34640000 - 0x00007ffb34664000 	C:\WINDOWS\SYSTEM32\WINMM.dll
0x00007ffb2e750000 - 0x00007ffb2e75a000 	C:\WINDOWS\SYSTEM32\VERSION.dll
0x00007ffb34580000 - 0x00007ffb345ad000 	C:\WINDOWS\SYSTEM32\WINMMBASE.dll
0x00007ffb36ba0000 - 0x00007ffb36bea000 	C:\WINDOWS\System32\cfgmgr32.dll
0x00007ffb2f150000 - 0x00007ffb2f15f000 	C:\Program Files\Java\jdk1.8.0_221\jre\bin\verify.dll
0x00007ffb2f120000 - 0x00007ffb2f149000 	C:\Program Files\Java\jdk1.8.0_221\jre\bin\java.dll
0x00007ffb2f5f0000 - 0x00007ffb2f625000 	C:\Program Files\Java\jdk1.8.0_221\jre\bin\jdwp.dll
0x00007ffb346f0000 - 0x00007ffb346f8000 	C:\Program Files\Java\jdk1.8.0_221\jre\bin\npt.dll
0x00007ffb2f100000 - 0x00007ffb2f116000 	C:\Program Files\Java\jdk1.8.0_221\jre\bin\zip.dll

VM Arguments:
jvm_args: -agentlib:jdwp=transport=dt_socket,server=n,suspend=y,address=55614 -Dfile.encoding=windows-1252 -Duser.country=AR -Duser.language=es -Duser.variant 
java_command: Main input.java
java_class_path (initial): D:\Eze\UNS\4° año 2° CUARENTENA 2.0\Compiladores e Intérpretes\Compilador\build\classes\java\main;D:\Eze\UNS\4° año 2° CUARENTENA 2.0\Compiladores e Intérpretes\Compilador\build\resources\main
Launcher Type: SUN_STANDARD

Environment Variables:
JAVA_HOME=C:\Program Files\Java\jdk1.8.0_221
PATH=C:\Program Files (x86)\Common Files\Oracle\Java\javapath;C:\ProgramData\Oracle\Java\javapath;C:\Windows\system32;C:\Windows;C:\Windows\System32\Wbem;C:\Windows\System32\WindowsPowerShell\v1.0\;C:\Windows\System32\OpenSSH\;C:\Program Files\Java\jdk1.8.0_221\bin;C:\Program Files (x86)\Microsoft SQL Server\150\DTS\Binn\;C:\Program Files\Git\cmd;C:\Program Files (x86)\Calibre2\;C:\Program Files\MySQL\MySQL Shell 8.0\bin;C:\Users\ezegi\AppData\Local\Programs\Python\Python37;C:\Users\ezegi\AppData\Local\Programs\Python\Python37\Scripts;C:\adb;C:\WINDOWS\system32;C:\WINDOWS;C:\WINDOWS\System32\Wbem;C:\WINDOWS\System32\WindowsPowerShell\v1.0\;C:\WINDOWS\System32\OpenSSH\;C:\MinGW\bin;D:\Windows Programs\Anaconda32;D:\Windows Programs\Anaconda32\Library\mingw-w64\bin;D:\Windows Programs\Anaconda32\Library\usr\bin;D:\Windows Programs\Anaconda32\Library\bin;D:\Windows Programs\Anaconda32\Scripts;C:\Program Files\MySQL\MySQL Shell 8.0\bin;C:\Program Files\Java\jdk1.8.0_221\bin;C:\Users\ezegi\AppData\Local\Programs\Python\Python37;C:\Users\ezegi\AppData\Local\Programs\Python\Python37\Scripts;D:\Windows Programs\swigwin-3.0.12;C:\Program Files\PostgreSQL\12\bin;D:\Windows Programs\PostgreSQL\osm2pgsql-bin;C:\Users\ezegi\AppData\Local\Microsoft\WindowsApps;D:\Windows Programs\heroku\bin;C:\MinGW\bin;
USERNAME=ezegi
OS=Windows_NT
PROCESSOR_IDENTIFIER=Intel64 Family 6 Model 78 Stepping 3, GenuineIntel



---------------  S Y S T E M  ---------------

OS: Windows 10.0 , 64 bit Build 18362 (10.0.18362.1082)

CPU:total 4 (initial active 4) (2 cores per cpu, 2 threads per core) family 6 model 78 stepping 3, cmov, cx8, fxsr, mmx, sse, sse2, sse3, ssse3, sse4.1, sse4.2, popcnt, avx, avx2, aes, clmul, erms, 3dnowpref, lzcnt, ht, tsc, tscinvbit, bmi1, bmi2, adx

Memory: 4k page, physical 8259336k(555140k free), swap 10880776k(8820k free)

vm_info: Java HotSpot(TM) 64-Bit Server VM (25.221-b11) for windows-amd64 JRE (1.8.0_221-b11), built on Jul  4 2019 04:39:29 by "java_re" with MS VC++ 10.0 (VS2010)

time: Fri Oct 09 20:47:55 2020
timezone: Hora estándar de Argentina
elapsed time: 0 seconds (0d 0h 0m 0s)

